Date: 2025-05-27 14:07:38
createPayment skypay
Details: array (
  'code' => 200,
  'response' => '{"address":"","amount":9000.0,"autodeal":null,"back_url":"https://private.globalreachouttech.com/transfersreport/417297","bot_link":"","broker_id":null,"cancel_reason":null,"confirmed_at":null,"created_at":"2025-05-27T11:07:38.143960+00:00","currency":"kzt","email":null,"is_currency_amount":true,"is_receipt_sent":false,"label":"417297-20250527140737-skypay","lang":"ru","mask":null,"merchant_id":4891675,"page_opened_at":null,"payment_id":"9a55822c-e9b0-480e-85d0-bc51ab8cd8de","processed_at":null,"rate":null,"received_crypto":0.0,"requisites":null,"search_started_at":null,"search_started_by_broker":null,"secondary_link":"","status":0,"symbol":"btc","token":null,"tx_hash":null,"valid_minutes":120,"web_link":"https://skypay365.pro/payment/9a55822c-e9b0-480e-85d0-bc51ab8cd8de?ca=9000.0&s=btc&m=4891675&l=417297-20250527140737-skypay"}
',
  'request' => 
  array (
    'url' => 'https://papi.skycrypto.net/rest/v2/purchases',
    'params' => 
    array (
      'amount' => 9000,
      'currency' => 'kzt',
      'label' => '417297-20250527140737-skypay',
      'symbol' => 'btc',
      'is_currency_amount' => true,
      'back_url' => 'https://private.globalreachouttech.com/transfersreport/417297',
    ),
  ),
)
----------------------------------------------------------
Date: 2025-05-27 14:07:46
createPayment skypay
Details: array (
  'code' => 200,
  'response' => '{"address":"","amount":9000.0,"autodeal":null,"back_url":"https://private.globalreachouttech.com/transfersreport/417298","bot_link":"","broker_id":null,"cancel_reason":null,"confirmed_at":null,"created_at":"2025-05-27T11:07:46.517544+00:00","currency":"kzt","email":null,"is_currency_amount":true,"is_receipt_sent":false,"label":"417298-20250527140746-skypay","lang":"ru","mask":null,"merchant_id":4891675,"page_opened_at":null,"payment_id":"992780f3-f9ba-4230-a96e-969e9e671e9b","processed_at":null,"rate":null,"received_crypto":0.0,"requisites":null,"search_started_at":null,"search_started_by_broker":null,"secondary_link":"","status":0,"symbol":"btc","token":null,"tx_hash":null,"valid_minutes":120,"web_link":"https://skypay365.pro/payment/992780f3-f9ba-4230-a96e-969e9e671e9b?ca=9000.0&s=btc&m=4891675&l=417298-20250527140746-skypay"}
',
  'request' => 
  array (
    'url' => 'https://papi.skycrypto.net/rest/v2/purchases',
    'params' => 
    array (
      'amount' => 9000,
      'currency' => 'kzt',
      'label' => '417298-20250527140746-skypay',
      'symbol' => 'btc',
      'is_currency_amount' => true,
      'back_url' => 'https://private.globalreachouttech.com/transfersreport/417298',
    ),
  ),
)
----------------------------------------------------------
